2017-12-12 09:54:37,080 - Log4JLogChute initialized using file 'velocity.log'
2017-12-12 09:54:37,080 - Initializing Velocity, Calling init()...
2017-12-12 09:54:37,080 - Starting Apache Velocity v1.7 (compiled: 2010-11-19 12:14:37)
2017-12-12 09:54:37,080 - Default Properties File: org\apache\velocity\runtime\defaults\velocity.properties
2017-12-12 09:54:37,080 - Trying to use logger class org.apache.velocity.runtime.log.AvalonLogChute
2017-12-12 09:54:37,081 - Target log system for org.apache.velocity.runtime.log.AvalonLogChute is not available (java.lang.NoClassDefFoundError: org/apache/log/format/Formatter).  Falling back to next log system...
2017-12-12 09:54:37,081 - Trying to use logger class org.apache.velocity.runtime.log.Log4JLogChute
2017-12-12 09:54:37,081 - Using logger class org.apache.velocity.runtime.log.Log4JLogChute
2017-12-12 09:54:37,085 - ResourceLoader instantiated: org.apache.velocity.runtime.resource.loader.FileResourceLoader
2017-12-12 09:54:37,085 - Do unicode file recognition:  false
2017-12-12 09:54:37,085 - FileResourceLoader : adding path 'C:/Users/Pin-Wang/Desktop/GitProject/jackerwang-demo/jackerwang-common/target/classes/template/'
2017-12-12 09:54:37,109 - ResourceCache: initialized (class org.apache.velocity.runtime.resource.ResourceCacheImpl) with class java.util.Collections$SynchronizedMap cache map.
2017-12-12 09:54:37,110 - Loaded System Directive: org.apache.velocity.runtime.directive.Stop
2017-12-12 09:54:37,110 - Loaded System Directive: org.apache.velocity.runtime.directive.Define
2017-12-12 09:54:37,111 - Loaded System Directive: org.apache.velocity.runtime.directive.Break
2017-12-12 09:54:37,111 - Loaded System Directive: org.apache.velocity.runtime.directive.Evaluate
2017-12-12 09:54:37,122 - Loaded System Directive: org.apache.velocity.runtime.directive.Literal
2017-12-12 09:54:37,123 - Loaded System Directive: org.apache.velocity.runtime.directive.Macro
2017-12-12 09:54:37,133 - Loaded System Directive: org.apache.velocity.runtime.directive.Parse
2017-12-12 09:54:37,134 - Loaded System Directive: org.apache.velocity.runtime.directive.Include
2017-12-12 09:54:37,134 - Loaded System Directive: org.apache.velocity.runtime.directive.Foreach
2017-12-12 09:54:37,152 - Created '20' parsers.
2017-12-12 09:54:37,155 - Velocimacro : "velocimacro.library" is not set.  Trying default library: VM_global_library.vm
2017-12-12 09:54:37,156 - Velocimacro : Default library not found.
2017-12-12 09:54:37,156 - Velocimacro : allowInline = true : VMs can be defined inline in templates
2017-12-12 09:54:37,156 - Velocimacro : allowInlineToOverride = false : VMs defined inline may NOT replace previous VM definitions
2017-12-12 09:54:37,156 - Velocimacro : allowInlineLocal = false : VMs defined inline will be global in scope if allowed.
2017-12-12 09:54:37,156 - Velocimacro : autoload off : VM system will not automatically reload global library macros
2017-12-12 09:54:37,168 - ResourceManager : found generatorConfig.vm with loader org.apache.velocity.runtime.resource.loader.FileResourceLoader
2017-12-12 09:54:37,169 - Null reference [template 'generatorConfig.vm', line 49, column 38] : ${generator.jdbc.driver} cannot be resolved.
2017-12-12 09:54:37,170 - Null reference [template 'generatorConfig.vm', line 50, column 40] : ${generator.jdbc.url} cannot be resolved.
2017-12-12 09:54:37,170 - Null reference [template 'generatorConfig.vm', line 51, column 33] : ${generator.jdbc.username} cannot be resolved.
2017-12-12 09:54:37,690 - ResourceManager : found Service.vm with loader org.apache.velocity.runtime.resource.loader.FileResourceLoader
2017-12-12 09:59:13,491 - Log4JLogChute initialized using file 'velocity.log'
2017-12-12 09:59:13,491 - Initializing Velocity, Calling init()...
2017-12-12 09:59:13,491 - Starting Apache Velocity v1.7 (compiled: 2010-11-19 12:14:37)
2017-12-12 09:59:13,491 - Default Properties File: org\apache\velocity\runtime\defaults\velocity.properties
2017-12-12 09:59:13,491 - Trying to use logger class org.apache.velocity.runtime.log.AvalonLogChute
2017-12-12 09:59:13,491 - Target log system for org.apache.velocity.runtime.log.AvalonLogChute is not available (java.lang.NoClassDefFoundError: org/apache/log/format/Formatter).  Falling back to next log system...
2017-12-12 09:59:13,491 - Trying to use logger class org.apache.velocity.runtime.log.Log4JLogChute
2017-12-12 09:59:13,491 - Using logger class org.apache.velocity.runtime.log.Log4JLogChute
2017-12-12 09:59:13,494 - ResourceLoader instantiated: org.apache.velocity.runtime.resource.loader.FileResourceLoader
2017-12-12 09:59:13,494 - Do unicode file recognition:  false
2017-12-12 09:59:13,494 - FileResourceLoader : adding path 'C:/Users/Pin-Wang/Desktop/GitProject/jackerwang-demo/jackerwang-common/target/classes/template/'
2017-12-12 09:59:13,498 - ResourceCache: initialized (class org.apache.velocity.runtime.resource.ResourceCacheImpl) with class java.util.Collections$SynchronizedMap cache map.
2017-12-12 09:59:13,499 - Loaded System Directive: org.apache.velocity.runtime.directive.Stop
2017-12-12 09:59:13,499 - Loaded System Directive: org.apache.velocity.runtime.directive.Define
2017-12-12 09:59:13,499 - Loaded System Directive: org.apache.velocity.runtime.directive.Break
2017-12-12 09:59:13,500 - Loaded System Directive: org.apache.velocity.runtime.directive.Evaluate
2017-12-12 09:59:13,501 - Loaded System Directive: org.apache.velocity.runtime.directive.Literal
2017-12-12 09:59:13,501 - Loaded System Directive: org.apache.velocity.runtime.directive.Macro
2017-12-12 09:59:13,502 - Loaded System Directive: org.apache.velocity.runtime.directive.Parse
2017-12-12 09:59:13,503 - Loaded System Directive: org.apache.velocity.runtime.directive.Include
2017-12-12 09:59:13,503 - Loaded System Directive: org.apache.velocity.runtime.directive.Foreach
2017-12-12 09:59:13,518 - Created '20' parsers.
2017-12-12 09:59:13,521 - Velocimacro : "velocimacro.library" is not set.  Trying default library: VM_global_library.vm
2017-12-12 09:59:13,521 - Velocimacro : Default library not found.
2017-12-12 09:59:13,521 - Velocimacro : allowInline = true : VMs can be defined inline in templates
2017-12-12 09:59:13,521 - Velocimacro : allowInlineToOverride = false : VMs defined inline may NOT replace previous VM definitions
2017-12-12 09:59:13,521 - Velocimacro : allowInlineLocal = false : VMs defined inline will be global in scope if allowed.
2017-12-12 09:59:13,522 - Velocimacro : autoload off : VM system will not automatically reload global library macros
2017-12-12 09:59:13,530 - ResourceManager : found generatorConfig.vm with loader org.apache.velocity.runtime.resource.loader.FileResourceLoader
2017-12-12 09:59:13,532 - Null reference [template 'generatorConfig.vm', line 49, column 38] : ${generator.jdbc.driver} cannot be resolved.
2017-12-12 09:59:13,532 - Null reference [template 'generatorConfig.vm', line 50, column 40] : ${generator.jdbc.url} cannot be resolved.
2017-12-12 09:59:13,532 - Null reference [template 'generatorConfig.vm', line 51, column 33] : ${generator.jdbc.username} cannot be resolved.
2017-12-12 09:59:13,773 - ResourceManager : found Service.vm with loader org.apache.velocity.runtime.resource.loader.FileResourceLoader
2017-12-12 09:59:13,775 - ResourceManager : found ServiceMock.vm with loader org.apache.velocity.runtime.resource.loader.FileResourceLoader
2017-12-12 09:59:13,777 - ResourceManager : found ServiceImpl.vm with loader org.apache.velocity.runtime.resource.loader.FileResourceLoader
2017-12-12 10:03:26,997 - Log4JLogChute initialized using file 'velocity.log'
2017-12-12 10:03:26,997 - Initializing Velocity, Calling init()...
2017-12-12 10:03:26,997 - Starting Apache Velocity v1.7 (compiled: 2010-11-19 12:14:37)
2017-12-12 10:03:26,997 - Default Properties File: org\apache\velocity\runtime\defaults\velocity.properties
2017-12-12 10:03:26,997 - Trying to use logger class org.apache.velocity.runtime.log.AvalonLogChute
2017-12-12 10:03:26,997 - Target log system for org.apache.velocity.runtime.log.AvalonLogChute is not available (java.lang.NoClassDefFoundError: org/apache/log/format/Formatter).  Falling back to next log system...
2017-12-12 10:03:26,997 - Trying to use logger class org.apache.velocity.runtime.log.Log4JLogChute
2017-12-12 10:03:26,997 - Using logger class org.apache.velocity.runtime.log.Log4JLogChute
2017-12-12 10:03:27,000 - ResourceLoader instantiated: org.apache.velocity.runtime.resource.loader.FileResourceLoader
2017-12-12 10:03:27,000 - Do unicode file recognition:  false
2017-12-12 10:03:27,000 - FileResourceLoader : adding path 'C:/Users/Pin-Wang/Desktop/GitProject/jackerwang-demo/jackerwang-common/target/classes/template/'
2017-12-12 10:03:27,004 - ResourceCache: initialized (class org.apache.velocity.runtime.resource.ResourceCacheImpl) with class java.util.Collections$SynchronizedMap cache map.
2017-12-12 10:03:27,005 - Loaded System Directive: org.apache.velocity.runtime.directive.Stop
2017-12-12 10:03:27,005 - Loaded System Directive: org.apache.velocity.runtime.directive.Define
2017-12-12 10:03:27,005 - Loaded System Directive: org.apache.velocity.runtime.directive.Break
2017-12-12 10:03:27,006 - Loaded System Directive: org.apache.velocity.runtime.directive.Evaluate
2017-12-12 10:03:27,007 - Loaded System Directive: org.apache.velocity.runtime.directive.Literal
2017-12-12 10:03:27,007 - Loaded System Directive: org.apache.velocity.runtime.directive.Macro
2017-12-12 10:03:27,008 - Loaded System Directive: org.apache.velocity.runtime.directive.Parse
2017-12-12 10:03:27,008 - Loaded System Directive: org.apache.velocity.runtime.directive.Include
2017-12-12 10:03:27,009 - Loaded System Directive: org.apache.velocity.runtime.directive.Foreach
2017-12-12 10:03:27,024 - Created '20' parsers.
2017-12-12 10:03:27,027 - Velocimacro : "velocimacro.library" is not set.  Trying default library: VM_global_library.vm
2017-12-12 10:03:27,027 - Velocimacro : Default library not found.
2017-12-12 10:03:27,027 - Velocimacro : allowInline = true : VMs can be defined inline in templates
2017-12-12 10:03:27,027 - Velocimacro : allowInlineToOverride = false : VMs defined inline may NOT replace previous VM definitions
2017-12-12 10:03:27,027 - Velocimacro : allowInlineLocal = false : VMs defined inline will be global in scope if allowed.
2017-12-12 10:03:27,028 - Velocimacro : autoload off : VM system will not automatically reload global library macros
2017-12-12 10:03:27,036 - ResourceManager : found generatorConfig.vm with loader org.apache.velocity.runtime.resource.loader.FileResourceLoader
2017-12-12 10:03:27,038 - Null reference [template 'generatorConfig.vm', line 49, column 38] : ${generator.jdbc.driver} cannot be resolved.
2017-12-12 10:03:27,038 - Null reference [template 'generatorConfig.vm', line 50, column 40] : ${generator.jdbc.url} cannot be resolved.
2017-12-12 10:03:27,038 - Null reference [template 'generatorConfig.vm', line 51, column 33] : ${generator.jdbc.username} cannot be resolved.
2017-12-12 10:03:27,276 - ResourceManager : found ServiceImpl.vm with loader org.apache.velocity.runtime.resource.loader.FileResourceLoader
2017-12-12 10:15:13,929 - Log4JLogChute initialized using file 'velocity.log'
2017-12-12 10:15:13,930 - Initializing Velocity, Calling init()...
2017-12-12 10:15:13,930 - Starting Apache Velocity v1.7 (compiled: 2010-11-19 12:14:37)
2017-12-12 10:15:13,930 - Default Properties File: org\apache\velocity\runtime\defaults\velocity.properties
2017-12-12 10:15:13,930 - Trying to use logger class org.apache.velocity.runtime.log.AvalonLogChute
2017-12-12 10:15:13,930 - Target log system for org.apache.velocity.runtime.log.AvalonLogChute is not available (java.lang.NoClassDefFoundError: org/apache/log/format/Formatter).  Falling back to next log system...
2017-12-12 10:15:13,930 - Trying to use logger class org.apache.velocity.runtime.log.Log4JLogChute
2017-12-12 10:15:13,930 - Using logger class org.apache.velocity.runtime.log.Log4JLogChute
2017-12-12 10:15:13,932 - ResourceLoader instantiated: org.apache.velocity.runtime.resource.loader.FileResourceLoader
2017-12-12 10:15:13,933 - Do unicode file recognition:  false
2017-12-12 10:15:13,933 - FileResourceLoader : adding path 'C:/Users/Pin-Wang/Desktop/GitProject/jackerwang-demo/jackerwang-common/target/classes/template/'
2017-12-12 10:15:13,937 - ResourceCache: initialized (class org.apache.velocity.runtime.resource.ResourceCacheImpl) with class java.util.Collections$SynchronizedMap cache map.
2017-12-12 10:15:13,937 - Loaded System Directive: org.apache.velocity.runtime.directive.Stop
2017-12-12 10:15:13,938 - Loaded System Directive: org.apache.velocity.runtime.directive.Define
2017-12-12 10:15:13,938 - Loaded System Directive: org.apache.velocity.runtime.directive.Break
2017-12-12 10:15:13,939 - Loaded System Directive: org.apache.velocity.runtime.directive.Evaluate
2017-12-12 10:15:13,939 - Loaded System Directive: org.apache.velocity.runtime.directive.Literal
2017-12-12 10:15:13,940 - Loaded System Directive: org.apache.velocity.runtime.directive.Macro
2017-12-12 10:15:13,941 - Loaded System Directive: org.apache.velocity.runtime.directive.Parse
2017-12-12 10:15:13,941 - Loaded System Directive: org.apache.velocity.runtime.directive.Include
2017-12-12 10:15:13,942 - Loaded System Directive: org.apache.velocity.runtime.directive.Foreach
2017-12-12 10:15:13,957 - Created '20' parsers.
2017-12-12 10:15:13,961 - Velocimacro : "velocimacro.library" is not set.  Trying default library: VM_global_library.vm
2017-12-12 10:15:13,961 - Velocimacro : Default library not found.
2017-12-12 10:15:13,961 - Velocimacro : allowInline = true : VMs can be defined inline in templates
2017-12-12 10:15:13,961 - Velocimacro : allowInlineToOverride = false : VMs defined inline may NOT replace previous VM definitions
2017-12-12 10:15:13,961 - Velocimacro : allowInlineLocal = false : VMs defined inline will be global in scope if allowed.
2017-12-12 10:15:13,961 - Velocimacro : autoload off : VM system will not automatically reload global library macros
2017-12-12 10:15:13,969 - ResourceManager : found generatorConfig.vm with loader org.apache.velocity.runtime.resource.loader.FileResourceLoader
2017-12-12 10:15:13,971 - Null reference [template 'generatorConfig.vm', line 49, column 38] : ${generator.jdbc.driver} cannot be resolved.
2017-12-12 10:15:13,971 - Null reference [template 'generatorConfig.vm', line 50, column 40] : ${generator.jdbc.url} cannot be resolved.
2017-12-12 10:15:13,971 - Null reference [template 'generatorConfig.vm', line 51, column 33] : ${generator.jdbc.username} cannot be resolved.
2017-12-12 10:15:14,206 - ResourceManager : found ServiceImpl.vm with loader org.apache.velocity.runtime.resource.loader.FileResourceLoader
2017-12-12 10:15:14,208 - ResourceManager : found Service.vm with loader org.apache.velocity.runtime.resource.loader.FileResourceLoader
2017-12-12 10:15:14,210 - ResourceManager : found ServiceMock.vm with loader org.apache.velocity.runtime.resource.loader.FileResourceLoader
2017-12-12 10:15:14,213 - ResourceManager : found ServiceImpl.vm with loader org.apache.velocity.runtime.resource.loader.FileResourceLoader
2017-12-12 10:15:14,215 - ResourceManager : found Service.vm with loader org.apache.velocity.runtime.resource.loader.FileResourceLoader
2017-12-12 10:15:14,217 - ResourceManager : found ServiceMock.vm with loader org.apache.velocity.runtime.resource.loader.FileResourceLoader
2017-12-12 10:15:14,219 - ResourceManager : found ServiceImpl.vm with loader org.apache.velocity.runtime.resource.loader.FileResourceLoader
2017-12-12 10:15:14,221 - ResourceManager : found Service.vm with loader org.apache.velocity.runtime.resource.loader.FileResourceLoader
2017-12-12 10:15:14,222 - ResourceManager : found ServiceMock.vm with loader org.apache.velocity.runtime.resource.loader.FileResourceLoader
2017-12-12 10:15:14,224 - ResourceManager : found ServiceImpl.vm with loader org.apache.velocity.runtime.resource.loader.FileResourceLoader
2017-12-12 10:15:14,225 - ResourceManager : found Service.vm with loader org.apache.velocity.runtime.resource.loader.FileResourceLoader
2017-12-12 10:15:14,227 - ResourceManager : found ServiceMock.vm with loader org.apache.velocity.runtime.resource.loader.FileResourceLoader
2017-12-12 10:15:14,229 - ResourceManager : found ServiceImpl.vm with loader org.apache.velocity.runtime.resource.loader.FileResourceLoader
2017-12-12 10:15:14,230 - ResourceManager : found Service.vm with loader org.apache.velocity.runtime.resource.loader.FileResourceLoader
2017-12-12 10:15:14,232 - ResourceManager : found ServiceMock.vm with loader org.apache.velocity.runtime.resource.loader.FileResourceLoader
2017-12-12 10:15:14,234 - ResourceManager : found ServiceImpl.vm with loader org.apache.velocity.runtime.resource.loader.FileResourceLoader
2017-12-12 10:15:14,236 - ResourceManager : found Service.vm with loader org.apache.velocity.runtime.resource.loader.FileResourceLoader
2017-12-12 10:15:14,238 - ResourceManager : found ServiceMock.vm with loader org.apache.velocity.runtime.resource.loader.FileResourceLoader
2017-12-12 10:15:14,239 - ResourceManager : found ServiceImpl.vm with loader org.apache.velocity.runtime.resource.loader.FileResourceLoader
2017-12-12 10:15:14,241 - ResourceManager : found Service.vm with loader org.apache.velocity.runtime.resource.loader.FileResourceLoader
2017-12-12 10:15:14,242 - ResourceManager : found ServiceMock.vm with loader org.apache.velocity.runtime.resource.loader.FileResourceLoader
2017-12-12 10:15:14,245 - ResourceManager : found ServiceImpl.vm with loader org.apache.velocity.runtime.resource.loader.FileResourceLoader
2017-12-12 10:15:14,248 - ResourceManager : found Service.vm with loader org.apache.velocity.runtime.resource.loader.FileResourceLoader
2017-12-12 10:15:14,249 - ResourceManager : found ServiceMock.vm with loader org.apache.velocity.runtime.resource.loader.FileResourceLoader
2017-12-12 10:15:14,250 - ResourceManager : found ServiceImpl.vm with loader org.apache.velocity.runtime.resource.loader.FileResourceLoader
2017-12-12 10:15:14,252 - ResourceManager : found Service.vm with loader org.apache.velocity.runtime.resource.loader.FileResourceLoader
2017-12-12 10:15:14,254 - ResourceManager : found ServiceMock.vm with loader org.apache.velocity.runtime.resource.loader.FileResourceLoader
2017-12-12 10:15:14,255 - ResourceManager : found ServiceImpl.vm with loader org.apache.velocity.runtime.resource.loader.FileResourceLoader
2017-12-12 10:15:14,257 - ResourceManager : found Service.vm with loader org.apache.velocity.runtime.resource.loader.FileResourceLoader
2017-12-12 10:15:14,258 - ResourceManager : found ServiceMock.vm with loader org.apache.velocity.runtime.resource.loader.FileResourceLoader
2017-12-12 10:15:14,260 - ResourceManager : found ServiceImpl.vm with loader org.apache.velocity.runtime.resource.loader.FileResourceLoader
2017-12-12 10:15:14,262 - ResourceManager : found Service.vm with loader org.apache.velocity.runtime.resource.loader.FileResourceLoader
2017-12-12 10:15:14,263 - ResourceManager : found ServiceMock.vm with loader org.apache.velocity.runtime.resource.loader.FileResourceLoader
2017-12-12 10:15:14,264 - ResourceManager : found ServiceImpl.vm with loader org.apache.velocity.runtime.resource.loader.FileResourceLoader
